[31-Aug-2021 10:39:34 UTC] PHP Warning:  Attempt to read property "queue" on null in C:\xampp\htdocs\wordpress-5.8\wp-includes\script-loader.php on line 2652
[31-Aug-2021 10:39:34 UTC] PHP Warning:  foreach() argument must be of type array|object, null given in C:\xampp\htdocs\wordpress-5.8\wp-includes\script-loader.php on line 2652
[31-Aug-2021 10:40:10 UTC] PHP Warning:  Attempt to read property "queue" on null in C:\xampp\htdocs\wordpress-5.8\wp-includes\script-loader.php on line 2652
[31-Aug-2021 10:40:10 UTC] PHP Warning:  foreach() argument must be of type array|object, null given in C:\xampp\htdocs\wordpress-5.8\wp-includes\script-loader.php on line 2652
[31-Aug-2021 10:40:31 UTC] PHP Warning:  Attempt to read property "queue" on null in C:\xampp\htdocs\wordpress-5.8\wp-includes\script-loader.php on line 2652
[31-Aug-2021 10:40:31 UTC] PHP Warning:  foreach() argument must be of type array|object, null given in C:\xampp\htdocs\wordpress-5.8\wp-includes\script-loader.php on line 2652
[31-Aug-2021 10:43:16 UTC] PHP Warning:  Attempt to read property "queue" on null in C:\xampp\htdocs\wordpress-5.8\wp-includes\script-loader.php on line 2652
[31-Aug-2021 10:43:16 UTC] PHP Warning:  foreach() argument must be of type array|object, null given in C:\xampp\htdocs\wordpress-5.8\wp-includes\script-loader.php on line 2652
[31-Aug-2021 18:45:11 UTC] PHP Warning:  Attempt to read property "queue" on null in C:\xampp\htdocs\wordpress-5.8\wp-includes\script-loader.php on line 2652
[31-Aug-2021 18:45:11 UTC] PHP Warning:  foreach() argument must be of type array|object, null given in C:\xampp\htdocs\wordpress-5.8\wp-includes\script-loader.php on line 2652
[31-Aug-2021 18:45:11 UTC] PHP Warning:  Attempt to read property "queue" on null in C:\xampp\htdocs\wordpress-5.8\wp-includes\script-loader.php on line 2652
[31-Aug-2021 18:45:11 UTC] PHP Warning:  foreach() argument must be of type array|object, null given in C:\xampp\htdocs\wordpress-5.8\wp-includes\script-loader.php on line 2652
[01-Sep-2021 06:43:01 UTC] PHP Warning:  Attempt to read property "queue" on null in C:\xampp\htdocs\wordpress-5.8\wp-includes\script-loader.php on line 2652
[01-Sep-2021 06:43:01 UTC] PHP Warning:  foreach() argument must be of type array|object, null given in C:\xampp\htdocs\wordpress-5.8\wp-includes\script-loader.php on line 2652
[01-Sep-2021 17:00:19 UTC] PHP Warning:  Attempt to read property "queue" on null in C:\xampp\htdocs\wordpress-5.8\wp-includes\script-loader.php on line 2652
[01-Sep-2021 17:00:19 UTC] PHP Warning:  foreach() argument must be of type array|object, null given in C:\xampp\htdocs\wordpress-5.8\wp-includes\script-loader.php on line 2652
[01-Sep-2021 18:01:34 UTC] PHP Notice:  wp_enqueue_style was called <strong>incorrectly</strong>. Scripts and styles should not be registered or enqueued until the <code>wp_enqueue_scripts</code>, <code>admin_enqueue_scripts</code>, or <code>login_enqueue_scripts</code> hooks. This notice was triggered by the <code>style</code> handle. Please see <a href="https://wordpress.org/support/article/debugging-in-wordpress/">Debugging in WordPress</a> for more information. (This message was added in version 3.3.0.) in C:\xampp\htdocs\wordpress-5.8\wp-includes\functions.php on line 5535
[01-Sep-2021 18:01:35 UTC] PHP Notice:  wp_enqueue_style was called <strong>incorrectly</strong>. Scripts and styles should not be registered or enqueued until the <code>wp_enqueue_scripts</code>, <code>admin_enqueue_scripts</code>, or <code>login_enqueue_scripts</code> hooks. This notice was triggered by the <code>style</code> handle. Please see <a href="https://wordpress.org/support/article/debugging-in-wordpress/">Debugging in WordPress</a> for more information. (This message was added in version 3.3.0.) in C:\xampp\htdocs\wordpress-5.8\wp-includes\functions.php on line 5535
[01-Sep-2021 18:01:35 UTC] PHP Notice:  wp_enqueue_style was called <strong>incorrectly</strong>. Scripts and styles should not be registered or enqueued until the <code>wp_enqueue_scripts</code>, <code>admin_enqueue_scripts</code>, or <code>login_enqueue_scripts</code> hooks. This notice was triggered by the <code>style</code> handle. Please see <a href="https://wordpress.org/support/article/debugging-in-wordpress/">Debugging in WordPress</a> for more information. (This message was added in version 3.3.0.) in C:\xampp\htdocs\wordpress-5.8\wp-includes\functions.php on line 5535
[01-Sep-2021 18:01:35 UTC] PHP Notice:  wp_enqueue_style was called <strong>incorrectly</strong>. Scripts and styles should not be registered or enqueued until the <code>wp_enqueue_scripts</code>, <code>admin_enqueue_scripts</code>, or <code>login_enqueue_scripts</code> hooks. This notice was triggered by the <code>style</code> handle. Please see <a href="https://wordpress.org/support/article/debugging-in-wordpress/">Debugging in WordPress</a> for more information. (This message was added in version 3.3.0.) in C:\xampp\htdocs\wordpress-5.8\wp-includes\functions.php on line 5535
[01-Sep-2021 18:01:36 UTC] PHP Notice:  wp_enqueue_style was called <strong>incorrectly</strong>. Scripts and styles should not be registered or enqueued until the <code>wp_enqueue_scripts</code>, <code>admin_enqueue_scripts</code>, or <code>login_enqueue_scripts</code> hooks. This notice was triggered by the <code>style</code> handle. Please see <a href="https://wordpress.org/support/article/debugging-in-wordpress/">Debugging in WordPress</a> for more information. (This message was added in version 3.3.0.) in C:\xampp\htdocs\wordpress-5.8\wp-includes\functions.php on line 5535
[01-Sep-2021 18:01:36 UTC] PHP Notice:  wp_enqueue_style was called <strong>incorrectly</strong>. Scripts and styles should not be registered or enqueued until the <code>wp_enqueue_scripts</code>, <code>admin_enqueue_scripts</code>, or <code>login_enqueue_scripts</code> hooks. This notice was triggered by the <code>style</code> handle. Please see <a href="https://wordpress.org/support/article/debugging-in-wordpress/">Debugging in WordPress</a> for more information. (This message was added in version 3.3.0.) in C:\xampp\htdocs\wordpress-5.8\wp-includes\functions.php on line 5535
[01-Sep-2021 18:01:49 UTC] PHP Notice:  wp_enqueue_style was called <strong>incorrectly</strong>. Scripts and styles should not be registered or enqueued until the <code>wp_enqueue_scripts</code>, <code>admin_enqueue_scripts</code>, or <code>login_enqueue_scripts</code> hooks. This notice was triggered by the <code>style</code> handle. Please see <a href="https://wordpress.org/support/article/debugging-in-wordpress/">Debugging in WordPress</a> for more information. (This message was added in version 3.3.0.) in C:\xampp\htdocs\wordpress-5.8\wp-includes\functions.php on line 5535
[01-Sep-2021 18:02:13 UTC] PHP Warning:  Attempt to read property "queue" on null in C:\xampp\htdocs\wordpress-5.8\wp-includes\script-loader.php on line 2652
[01-Sep-2021 18:02:13 UTC] PHP Warning:  foreach() argument must be of type array|object, null given in C:\xampp\htdocs\wordpress-5.8\wp-includes\script-loader.php on line 2652
[01-Sep-2021 18:12:27 UTC] PHP Warning:  Attempt to read property "queue" on null in C:\xampp\htdocs\wordpress-5.8\wp-includes\script-loader.php on line 2652
[01-Sep-2021 18:12:27 UTC] PHP Warning:  foreach() argument must be of type array|object, null given in C:\xampp\htdocs\wordpress-5.8\wp-includes\script-loader.php on line 2652
[01-Sep-2021 18:12:51 UTC] PHP Warning:  Attempt to read property "queue" on null in C:\xampp\htdocs\wordpress-5.8\wp-includes\script-loader.php on line 2652
[01-Sep-2021 18:12:51 UTC] PHP Warning:  foreach() argument must be of type array|object, null given in C:\xampp\htdocs\wordpress-5.8\wp-includes\script-loader.php on line 2652
[01-Sep-2021 18:14:02 UTC] PHP Warning:  Attempt to read property "queue" on null in C:\xampp\htdocs\wordpress-5.8\wp-includes\script-loader.php on line 2652
[01-Sep-2021 18:14:02 UTC] PHP Warning:  foreach() argument must be of type array|object, null given in C:\xampp\htdocs\wordpress-5.8\wp-includes\script-loader.php on line 2652
[01-Sep-2021 18:17:27 UTC] PHP Warning:  Attempt to read property "queue" on null in C:\xampp\htdocs\wordpress-5.8\wp-includes\script-loader.php on line 2652
[01-Sep-2021 18:17:27 UTC] PHP Warning:  foreach() argument must be of type array|object, null given in C:\xampp\htdocs\wordpress-5.8\wp-includes\script-loader.php on line 2652
[01-Sep-2021 18:17:45 UTC] PHP Warning:  Attempt to read property "queue" on null in C:\xampp\htdocs\wordpress-5.8\wp-includes\script-loader.php on line 2652
[01-Sep-2021 18:17:45 UTC] PHP Warning:  foreach() argument must be of type array|object, null given in C:\xampp\htdocs\wordpress-5.8\wp-includes\script-loader.php on line 2652
[01-Sep-2021 18:18:04 UTC] PHP Warning:  Attempt to read property "queue" on null in C:\xampp\htdocs\wordpress-5.8\wp-includes\script-loader.php on line 2652
[01-Sep-2021 18:18:04 UTC] PHP Warning:  foreach() argument must be of type array|object, null given in C:\xampp\htdocs\wordpress-5.8\wp-includes\script-loader.php on line 2652
[01-Sep-2021 18:18:06 UTC] PHP Warning:  Attempt to read property "queue" on null in C:\xampp\htdocs\wordpress-5.8\wp-includes\script-loader.php on line 2652
[01-Sep-2021 18:18:06 UTC] PHP Warning:  foreach() argument must be of type array|object, null given in C:\xampp\htdocs\wordpress-5.8\wp-includes\script-loader.php on line 2652
[02-Sep-2021 17:44:00 UTC] PHP Warning:  Attempt to read property "queue" on null in C:\xampp\htdocs\wordpress-5.8\wp-includes\script-loader.php on line 2652
[02-Sep-2021 17:44:00 UTC] PHP Warning:  foreach() argument must be of type array|object, null given in C:\xampp\htdocs\wordpress-5.8\wp-includes\script-loader.php on line 2652
[03-Sep-2021 07:00:52 UTC] PHP Warning:  Attempt to read property "queue" on null in C:\xampp\htdocs\wordpress-5.8\wp-includes\script-loader.php on line 2652
[03-Sep-2021 07:00:52 UTC] PHP Warning:  foreach() argument must be of type array|object, null given in C:\xampp\htdocs\wordpress-5.8\wp-includes\script-loader.php on line 2652
